============================= test session starts =============================
platform win32 -- Python 3.13.7, pytest-9.0.2, pluggy-1.6.0 -- C:\Users\Navneet\AppData\Local\Programs\Python\Python313\python.exe
cachedir: .pytest_cache
rootdir: C:\Users\Navneet\Desktop\Project\ecommerce-analytics-platform
plugins: anyio-4.11.0, cov-7.0.0, mock-3.15.1
collecting ... collected 9 items

tests/unit/test_exchange_rates.py::TestFetchLatestRates::test_success PASSED [ 11%]
tests/unit/test_exchange_rates.py::TestFetchLatestRates::test_uses_default_symbols_when_none PASSED [ 22%]
tests/unit/test_exchange_rates.py::TestFetchLatestRates::test_api_error_raises PASSED [ 33%]
tests/unit/test_exchange_rates.py::TestFetchHistoricalRates::test_success PASSED [ 44%]
tests/unit/test_exchange_rates.py::TestFetchHistoricalRates::test_date_in_url PASSED [ 55%]
tests/unit/test_exchange_rates.py::TestFetchSymbols::test_returns_symbols_dict PASSED [ 66%]
tests/unit/test_exchange_rates.py::TestSaveRawResponse::test_writes_json_file PASSED [ 77%]
tests/unit/test_exchange_rates.py::TestSaveRawResponse::test_auto_generates_filename PASSED [ 88%]
tests/unit/test_exchange_rates.py::TestRetryLogic::test_retries_on_http_error PASSED [100%]

============================== 9 passed in 6.43s ==============================
